# JRE version: Java(TM) SE Runtime Environment (17.0.9+11) (build 17.0.9+11-LTS-201)
# Java VM: Java HotSpot(TM) 64-Bit Server VM (17.0.9+11-LTS-201, mixed mode, sharing, tiered, compressed oops, compressed class ptrs, g1 gc, windows-amd64)
GC Precious Log:
 CPUs: 8 total, 8 available
 Memory: 3910M
 Large Page Support: Disabled
 NUMA Support: Disabled
 Compressed Oops: Enabled (32-bit)
 Heap Region Size: 1M
 Heap Min Capacity: 8M
 Heap Initial Capacity: 62M
 Heap Max Capacity: 2G
 Pre-touch: Disabled
 Parallel Workers: 8
 Concurrent Workers: 2
 Concurrent Refinement Workers: 8
 Periodic GC: Disabled
Heap:
 garbage-first heap   total 274432K, used 223876K [0x0000000080000000, 0x0000000100000000)
  region size 1024K, 2 young (2048K), 2 survivors (2048K)
 Metaspace       used 165210K, committed 166208K, reserved 1245184K
  class space    used 21174K, committed 21696K, reserved 1048576K
GC Heap History (20 events):
Event: 81.177 GC heap after
{Heap after GC invocations=66 (full 0):
 garbage-first heap   total 274432K, used 172696K [0x0000000080000000, 0x0000000100000000)
  region size 1024K, 3 young (3072K), 3 survivors (3072K)
 Metaspace       used 141667K, committed 142528K, reserved 1179648K
  class space    used 18163K, committed 18560K, reserved 1048576K
}
Event: 83.082 GC heap before
{Heap before GC invocations=66 (full 0):
 garbage-first heap   total 274432K, used 232088K [0x0000000080000000, 0x0000000100000000)
  region size 1024K, 61 young (62464K), 3 survivors (3072K)
 Metaspace       used 145585K, committed 146432K, reserved 1179648K
  class space    used 18725K, committed 19136K, reserved 1048576K
}
Event: 83.101 GC heap after
{Heap after GC invocations=67 (full 0):
 garbage-first heap   total 274432K, used 174484K [0x0000000080000000, 0x0000000100000000)
  region size 1024K, 4 young (4096K), 4 survivors (4096K)
 Metaspace       used 145585K, committed 146432K, reserved 1179648K
  class space    used 18725K, committed 19136K, reserved 1048576K
}
Event: 89.012 GC heap before
{Heap before GC invocations=67 (full 0):
 garbage-first heap   total 274432K, used 233876K [0x0000000080000000, 0x0000000100000000)
  region size 1024K, 62 young (63488K), 4 survivors (4096K)
 Metaspace       used 149889K, committed 150784K, reserved 1245184K
  class space    used 19403K, committed 19840K, reserved 1048576K
}
Event: 89.042 GC heap after
{Heap after GC invocations=68 (full 0):
 garbage-first heap   total 274432K, used 169974K [0x0000000080000000, 0x0000000100000000)
  region size 1024K, 7 young (7168K), 7 survivors (7168K)
 Metaspace       used 149889K, committed 150784K, reserved 1245184K
  class space    used 19403K, committed 19840K, reserved 1048576K
}
Event: 93.410 GC heap before
{Heap before GC invocations=68 (full 0):
 garbage-first heap   total 274432K, used 233462K [0x0000000080000000, 0x0000000100000000)
  region size 1024K, 69 young (70656K), 7 survivors (7168K)
 Metaspace       used 154416K, committed 155328K, reserved 1245184K
  class space    used 19975K, committed 20416K, reserved 1048576K
}
Event: 93.552 GC heap after
{Heap after GC invocations=69 (full 0):
 garbage-first heap   total 274432K, used 174234K [0x0000000080000000, 0x0000000100000000)
  region size 1024K, 7 young (7168K), 7 survivors (7168K)
 Metaspace       used 154416K, committed 155328K, reserved 1245184K
  class space    used 19975K, committed 20416K, reserved 1048576K
}
Event: 99.055 GC heap before
{Heap before GC invocations=69 (full 0):
 garbage-first heap   total 274432K, used 234650K [0x0000000080000000, 0x0000000100000000)
  region size 1024K, 66 young (67584K), 7 survivors (7168K)
 Metaspace       used 158282K, committed 159296K, reserved 1245184K
  class space    used 20456K, committed 20928K, reserved 1048576K
}
Event: 99.093 GC heap after
{Heap after GC invocations=70 (full 0):
 garbage-first heap   total 274432K, used 179034K [0x0000000080000000, 0x0000000100000000)
  region size 1024K, 9 young (9216K), 9 survivors (9216K)
 Metaspace       used 158282K, committed 159296K, reserved 1245184K
  class space    used 20456K, committed 20928K, reserved 1048576K
}
Event: 103.743 GC heap before
{Heap before GC invocations=70 (full 0):
 garbage-first heap   total 274432K, used 239450K [0x0000000080000000, 0x0000000100000000)
  region size 1024K, 64 young (65536K), 9 survivors (9216K)
 Metaspace       used 162224K, committed 163200K, reserved 1245184K
  class space    used 20866K, committed 21312K, reserved 1048576K
}
Event: 103.824 GC heap after
{Heap after GC invocations=71 (full 0):
 garbage-first heap   total 274432K, used 186814K [0x0000000080000000, 0x0000000100000000)
  region size 1024K, 8 young (8192K), 8 survivors (8192K)
 Metaspace       used 162224K, committed 163200K, reserved 1245184K
  class space    used 20866K, committed 21312K, reserved 1048576K
}
Event: 108.721 GC heap before
{Heap before GC invocations=71 (full 0):
 garbage-first heap   total 274432K, used 232894K [0x0000000080000000, 0x0000000100000000)
  region size 1024K, 53 young (54272K), 8 survivors (8192K)
 Metaspace       used 162753K, committed 163776K, reserved 1245184K
  class space    used 20951K, committed 21440K, reserved 1048576K
}
Event: 108.761 GC heap after
{Heap after GC invocations=72 (full 0):
 garbage-first heap   total 274432K, used 190364K [0x0000000080000000, 0x0000000100000000)
  region size 1024K, 5 young (5120K), 5 survivors (5120K)
 Metaspace       used 162753K, committed 163776K, reserved 1245184K
  class space    used 20951K, committed 21440K, reserved 1048576K
}
Event: 118.605 GC heap before
{Heap before GC invocations=72 (full 0):
 garbage-first heap   total 274432K, used 232348K [0x0000000080000000, 0x0000000100000000)
  region size 1024K, 47 young (48128K), 5 survivors (5120K)
 Metaspace       used 164583K, committed 165568K, reserved 1245184K
  class space    used 21129K, committed 21632K, reserved 1048576K
}
Event: 118.863 GC heap after
{Heap after GC invocations=73 (full 0):
 garbage-first heap   total 274432K, used 196425K [0x0000000080000000, 0x0000000100000000)
  region size 1024K, 6 young (6144K), 6 survivors (6144K)
 Metaspace       used 164583K, committed 165568K, reserved 1245184K
  class space    used 21129K, committed 21632K, reserved 1048576K
}
Event: 120.350 GC heap before
{Heap before GC invocations=73 (full 0):
 garbage-first heap   total 274432K, used 240457K [0x0000000080000000, 0x0000000100000000)
  region size 1024K, 41 young (41984K), 6 survivors (6144K)
 Metaspace       used 164700K, committed 165760K, reserved 1245184K
  class space    used 21129K, committed 21632K, reserved 1048576K
}
Event: 120.489 GC heap after
{Heap after GC invocations=74 (full 0):
 garbage-first heap   total 274432K, used 219243K [0x0000000080000000, 0x0000000100000000)
  region size 1024K, 6 young (6144K), 6 survivors (6144K)
 Metaspace       used 164700K, committed 165760K, reserved 1245184K
  class space    used 21129K, committed 21632K, reserved 1048576K
}
Event: 121.137 GC heap before
{Heap before GC invocations=74 (full 0):
 garbage-first heap   total 274432K, used 231531K [0x0000000080000000, 0x0000000100000000)
  region size 1024K, 19 young (19456K), 6 survivors (6144K)
 Metaspace       used 165038K, committed 166080K, reserved 1245184K
  class space    used 21161K, committed 21696K, reserved 1048576K
}
Event: 121.180 GC heap after
{Heap after GC invocations=75 (full 0):
 garbage-first heap   total 274432K, used 221631K [0x0000000080000000, 0x0000000100000000)
  region size 1024K, 2 young (2048K), 2 survivors (2048K)
 Metaspace       used 165038K, committed 166080K, reserved 1245184K
  class space    used 21161K, committed 21696K, reserved 1048576K
}
Event: 122.596 GC heap before
{Heap before GC invocations=75 (full 0):
 garbage-first heap   total 274432K, used 242111K [0x0000000080000000, 0x0000000100000000)
  region size 1024K, 15 young (15360K), 2 survivors (2048K)
 Metaspace       used 165210K, committed 166208K, reserved 1245184K
  class space    used 21174K, committed 21696K, reserved 1048576K
}

